2025-09-29 18:53:53,967 - INFO - Đã đăng ký hotkeys thành công
2025-09-29 18:53:53,967 - INFO - Chương trình đã khởi động thành công
2025-10-07 12:51:19,402 - INFO - Đã đăng ký hotkeys thành công
2025-10-07 12:51:19,402 - INFO - Chương trình đã khởi động thành công
2025-10-07 12:51:21,546 - INFO - Đã terminate process Student.exe (PID: 3164)
2025-10-07 12:51:21,549 - INFO - Đã terminate process Student.exe (PID: 7140)
2025-10-07 12:51:25,049 - INFO - Chương trình đã tạm dừng
2025-10-07 12:51:25,898 - INFO - Đã ẩn cửa sổ console, chương trình chạy ngầm.
2025-10-07 12:51:27,811 - INFO - Đã hiện lại cửa sổ console.
2025-10-07 12:51:28,392 - INFO - Đã ẩn cửa sổ console, chương trình chạy ngầm.
2025-10-07 12:51:29,115 - INFO - Đã hiện lại cửa sổ console.
2025-10-07 12:51:29,888 - INFO - Đã ẩn cửa sổ console, chương trình chạy ngầm.
2025-10-07 12:52:01,844 - INFO - Đã hiện lại cửa sổ console.
2025-10-07 12:52:02,473 - INFO - Đã ẩn cửa sổ console, chương trình chạy ngầm.
2025-10-07 12:52:10,987 - INFO - Đã hiện lại cửa sổ console.
2025-10-07 12:52:12,045 - INFO - Chương trình đã tiếp tục hoạt động
2025-10-07 12:52:17,652 - INFO - Đã mở Student.exe thành công
2025-10-07 12:52:19,182 - INFO - Đã terminate process Student.exe (PID: 12468)
2025-10-07 12:52:26,959 - INFO - Đã ẩn cửa sổ console, chương trình chạy ngầm.
2025-10-07 12:52:28,818 - INFO - Đã hiện lại cửa sổ console.
2025-10-07 12:52:30,424 - INFO - Đã ẩn cửa sổ console, chương trình chạy ngầm.
2025-10-07 12:52:32,107 - INFO - Đã hiện lại cửa sổ console.
2025-10-07 12:52:37,549 - INFO - Đã mở Student.exe thành công
2025-10-07 12:52:39,670 - INFO - Đã terminate process Student.exe (PID: 10832)
2025-10-07 12:52:46,096 - INFO - Đã ẩn cửa sổ console, chương trình chạy ngầm.
2025-10-07 12:52:46,723 - INFO - Đã hiện lại cửa sổ console.
2025-10-07 12:52:48,303 - INFO - Đã mở Student.exe thành công
2025-10-07 12:52:57,798 - INFO - Đã ẩn cửa sổ console, chương trình chạy ngầm.
2025-10-07 12:53:11,047 - INFO - Đã hiện lại cửa sổ console.
2025-10-07 12:53:14,989 - INFO - Chương trình đã tạm dừng
2025-10-07 12:53:28,869 - INFO - Chương trình đã tiếp tục hoạt động
2025-10-07 12:53:31,573 - INFO - Chương trình đã tạm dừng
2025-10-07 12:53:31,792 - INFO - Đã ẩn cửa sổ console, chương trình chạy ngầm.
2025-10-07 15:03:01,554 - INFO - Chương trình đã tiếp tục hoạt động
2025-10-07 15:03:13,123 - INFO - Đã hiện lại cửa sổ console.
2025-10-07 15:03:16,388 - INFO - Đã terminate process Student.exe (PID: 6752)
2025-10-07 15:03:16,393 - INFO - Đã terminate process Student.exe (PID: 13036)
2025-10-07 15:03:23,549 - INFO - Đã ẩn cửa sổ console, chương trình chạy ngầm.
2025-10-07 15:03:27,624 - INFO - Đã hiện lại cửa sổ console.
2025-10-07 15:03:50,784 - INFO - Đã mở Student.exe thành công
2025-10-07 15:06:29,874 - INFO - Đã terminate process Student.exe (PID: 9876)
2025-10-07 15:06:29,879 - INFO - Đã terminate process Student.exe (PID: 12652)
2025-10-07 15:06:46,192 - INFO - Đã mở Student.exe thành công
2025-10-07 15:06:46,759 - INFO - Đã terminate process Student.exe (PID: 11632)
2025-10-07 15:07:33,363 - INFO - Đã mở Student.exe thành công
2025-10-07 15:07:45,566 - INFO - Đã terminate process Student.exe (PID: 11352)
2025-10-07 15:07:45,571 - INFO - Đã terminate process Student.exe (PID: 13388)
2025-10-07 15:10:33,706 - INFO - Đã mở Student.exe thành công
2025-10-07 15:10:38,955 - INFO - Đã terminate process Student.exe (PID: 1560)
2025-10-07 15:10:38,960 - INFO - Đã terminate process Student.exe (PID: 13612)
2025-10-07 15:11:16,979 - INFO - Chương trình đã tạm dừng
2025-10-07 15:44:20,268 - INFO - Chương trình đã tiếp tục hoạt động
2025-10-07 15:44:23,886 - INFO - Chương trình đã tạm dừng
2025-10-07 15:44:24,263 - INFO - Đã ẩn cửa sổ console, chương trình chạy ngầm.
2025-10-07 15:51:47,651 - INFO - Đã hiện lại cửa sổ console.
2025-10-07 15:51:47,875 - INFO - Chương trình đã tiếp tục hoạt động
2025-10-07 15:52:17,213 - INFO - Đã mở Student.exe thành công
2025-10-07 15:52:26,776 - INFO - Đã terminate process Student.exe (PID: 11220)
2025-10-07 15:52:26,781 - INFO - Đã terminate process Student.exe (PID: 14416)
2025-10-07 15:52:26,788 - INFO - Đã terminate process netsh.exe (PID: 13868)
2025-10-07 15:52:26,794 - ERROR - Lỗi khi terminate process 2388: process no longer exists (pid=2388)
2025-10-07 15:52:37,954 - INFO - Đã mở Student.exe thành công
2025-10-07 15:52:48,811 - INFO - Đã mở Student.exe thành công
2025-10-07 15:53:09,998 - INFO - Đã terminate process Student.exe (PID: 4552)
2025-10-07 15:53:10,003 - INFO - Đã terminate process Student.exe (PID: 14792)
2025-10-07 15:54:15,874 - INFO - Đã mở Student.exe thành công
2025-10-07 15:54:27,705 - INFO - Đã terminate process Student.exe (PID: 6108)
2025-10-07 15:54:27,710 - INFO - Đã terminate process Student.exe (PID: 15216)
2025-10-07 15:54:33,610 - INFO - Đã mở Student.exe thành công
2025-10-07 15:54:41,876 - INFO - Đã terminate process Student.exe (PID: 13040)
2025-10-07 15:54:41,881 - INFO - Đã terminate process Student.exe (PID: 14172)
2025-10-07 15:54:48,498 - INFO - Đã mở Student.exe thành công
2025-10-07 15:55:04,930 - INFO - Đã mở Student.exe thành công
2025-10-07 15:55:22,028 - INFO - Đã terminate process Student.exe (PID: 10448)
2025-10-07 15:55:22,033 - INFO - Đã terminate process Student.exe (PID: 14656)
2025-10-07 15:55:42,444 - INFO - Đã mở Student.exe thành công
2025-10-07 15:56:58,967 - INFO - Đã terminate process Student.exe (PID: 6116)
2025-10-07 15:56:58,972 - INFO - Đã terminate process Student.exe (PID: 14640)
2025-10-07 15:57:12,307 - INFO - Đã mở Student.exe thành công
2025-10-07 15:57:15,818 - INFO - Đã mở Student.exe thành công
2025-10-07 15:57:39,463 - INFO - Đã mở Student.exe thành công
2025-10-07 15:57:49,690 - INFO - Đã terminate process Student.exe (PID: 6108)
2025-10-07 15:57:49,695 - INFO - Đã terminate process Student.exe (PID: 12988)
2025-10-07 15:58:07,226 - INFO - Đã mở Student.exe thành công
2025-10-07 15:58:11,681 - INFO - Đã mở Student.exe thành công
2025-10-07 15:58:16,907 - INFO - Đã terminate process Student.exe (PID: 1608)
2025-10-07 15:58:16,912 - INFO - Đã terminate process Student.exe (PID: 14308)
2025-10-07 15:59:23,370 - INFO - Đã mở Student.exe thành công
2025-10-07 15:59:36,399 - INFO - Đã terminate process Student.exe (PID: 7496)
2025-10-07 15:59:36,404 - INFO - Đã terminate process Student.exe (PID: 10680)
2025-10-07 16:00:06,016 - INFO - Đã mở Student.exe thành công
2025-10-07 16:00:26,604 - INFO - Đã terminate process Student.exe (PID: 7672)
2025-10-07 16:00:26,609 - INFO - Đã terminate process Student.exe (PID: 11176)
2025-10-07 16:01:06,435 - INFO - Đã mở Student.exe thành công
2025-10-07 16:01:22,555 - INFO - Đã mở Student.exe thành công
2025-10-07 16:01:28,685 - INFO - Đã terminate process Student.exe (PID: 5756)
2025-10-07 16:01:28,691 - INFO - Đã terminate process Student.exe (PID: 13252)
2025-10-07 16:01:46,426 - INFO - Đã mở Student.exe thành công
2025-10-07 16:01:47,584 - INFO - Đã terminate process Student.exe (PID: 12340)
2025-10-07 16:01:51,787 - INFO - Đã mở Student.exe thành công
2025-10-07 16:01:57,389 - INFO - Đã mở Student.exe thành công
2025-10-21 12:49:38,260 - INFO - Đã đăng ký hotkeys thành công
2025-10-21 12:49:38,261 - INFO - Chương trình đã khởi động thành công
2025-10-21 12:49:59,885 - INFO - Đã đăng ký hotkeys thành công
2025-10-21 12:49:59,885 - INFO - Chương trình đã khởi động thành công
2025-10-21 12:50:29,220 - INFO - Đã mở Student.exe thành công
2025-10-21 12:50:43,270 - INFO - Đã terminate process Student.exe (PID: 3400)
2025-10-21 12:50:43,274 - INFO - Đã terminate process Student.exe (PID: 7356)
2025-10-21 12:50:48,888 - INFO - Đã mở Student.exe thành công
